c:\users\gsvil\documents\proyectos\coolengine\engineproject\enginedll\debug\vc141.pdb
c:\users\gsvil\documents\proyectos\coolengine\engineproject\enginedll\debug\vc141.idb
c:\users\gsvil\documents\proyectos\coolengine\engineproject\enginedll\debug\window.obj
c:\users\gsvil\documents\proyectos\coolengine\engineproject\enginedll\debug\triangle.obj
c:\users\gsvil\documents\proyectos\coolengine\engineproject\enginedll\debug\tilemap.obj
c:\users\gsvil\documents\proyectos\coolengine\engineproject\enginedll\debug\textureimporter.obj
c:\users\gsvil\documents\proyectos\coolengine\engineproject\enginedll\debug\square.obj
c:\users\gsvil\documents\proyectos\coolengine\engineproject\enginedll\debug\sprite.obj
c:\users\gsvil\documents\proyectos\coolengine\engineproject\enginedll\debug\shape.obj
c:\users\gsvil\documents\proyectos\coolengine\engineproject\enginedll\debug\renderer.obj
c:\users\gsvil\documents\proyectos\coolengine\engineproject\enginedll\debug\player.obj
c:\users\gsvil\documents\proyectos\coolengine\engineproject\enginedll\debug\material.obj
c:\users\gsvil\documents\proyectos\coolengine\engineproject\enginedll\debug\gamebase.obj
c:\users\gsvil\documents\proyectos\coolengine\engineproject\enginedll\debug\entity.obj
c:\users\gsvil\documents\proyectos\coolengine\engineproject\enginedll\debug\collisionmanager.obj
c:\users\gsvil\documents\proyectos\coolengine\engineproject\enginedll\debug\circle.obj
c:\users\gsvil\documents\proyectos\coolengine\engineproject\enginedll\debug\boxcollider.obj
c:\users\gsvil\documents\proyectos\coolengine\engineproject\enginedll\debug\animation.obj
c:\users\gsvil\documents\proyectos\coolengine\engineproject\debug\enginedll.lib
c:\users\gsvil\documents\proyectos\coolengine\engineproject\debug\enginedll.exp
c:\users\gsvil\documents\proyectos\coolengine\engineproject\debug\enginedll.dll
c:\users\gsvil\documents\proyectos\coolengine\engineproject\debug\enginedll.ilk
c:\users\gsvil\documents\proyectos\coolengine\engineproject\debug\enginedll.pdb
c:\users\gsvil\documents\proyectos\coolengine\engineproject\enginedll\debug\camera.obj
c:\users\gsvil\documents\proyectos\coolengine\engineproject\enginedll\debug\component.obj
c:\users\gsvil\documents\proyectos\coolengine\engineproject\enginedll\debug\entitynode.obj
c:\users\gsvil\documents\proyectos\coolengine\engineproject\enginedll\debug\mesh.obj
c:\users\gsvil\documents\proyectos\coolengine\engineproject\enginedll\debug\modelimporter.obj
c:\users\gsvil\documents\proyectos\coolengine\engineproject\enginedll\debug\scene.obj
c:\users\gsvil\documents\proyectos\coolengine\engineproject\enginedll\debug\scenenode.obj
c:\users\gsvil\documents\proyectos\coolengine\engineproject\enginedll\debug\sword.obj
c:\users\gsvil\documents\proyectos\coolengine\engineproject\enginedll\debug\transform.obj
c:\users\gsvil\documents\proyectos\coolengine\engineproject\enginedll\debug\tilemap.obj.enc
c:\users\gsvil\documents\proyectos\coolengine\engineproject\enginedll\debug\enginedll.tlog\cl.command.1.tlog
c:\users\gsvil\documents\proyectos\coolengine\engineproject\enginedll\debug\enginedll.tlog\cl.read.1.tlog
c:\users\gsvil\documents\proyectos\coolengine\engineproject\enginedll\debug\enginedll.tlog\cl.write.1.tlog
c:\users\gsvil\documents\proyectos\coolengine\engineproject\enginedll\debug\enginedll.tlog\enginedll.write.1u.tlog
c:\users\gsvil\documents\proyectos\coolengine\engineproject\enginedll\debug\enginedll.tlog\link.10372.delete.1.tlog
c:\users\gsvil\documents\proyectos\coolengine\engineproject\enginedll\debug\enginedll.tlog\link.10404.delete.1.tlog
c:\users\gsvil\documents\proyectos\coolengine\engineproject\enginedll\debug\enginedll.tlog\link.11208.delete.1.tlog
c:\users\gsvil\documents\proyectos\coolengine\engineproject\enginedll\debug\enginedll.tlog\link.11240.delete.1.tlog
c:\users\gsvil\documents\proyectos\coolengine\engineproject\enginedll\debug\enginedll.tlog\link.11496.delete.1.tlog
c:\users\gsvil\documents\proyectos\coolengine\engineproject\enginedll\debug\enginedll.tlog\link.11540.delete.1.tlog
c:\users\gsvil\documents\proyectos\coolengine\engineproject\enginedll\debug\enginedll.tlog\link.11708.delete.1.tlog
c:\users\gsvil\documents\proyectos\coolengine\engineproject\enginedll\debug\enginedll.tlog\link.1188.delete.1.tlog
c:\users\gsvil\documents\proyectos\coolengine\engineproject\enginedll\debug\enginedll.tlog\link.12048.delete.1.tlog
c:\users\gsvil\documents\proyectos\coolengine\engineproject\enginedll\debug\enginedll.tlog\link.12664.delete.1.tlog
c:\users\gsvil\documents\proyectos\coolengine\engineproject\enginedll\debug\enginedll.tlog\link.12752.delete.1.tlog
c:\users\gsvil\documents\proyectos\coolengine\engineproject\enginedll\debug\enginedll.tlog\link.1296.delete.1.tlog
c:\users\gsvil\documents\proyectos\coolengine\engineproject\enginedll\debug\enginedll.tlog\link.13188.delete.1.tlog
c:\users\gsvil\documents\proyectos\coolengine\engineproject\enginedll\debug\enginedll.tlog\link.17212.delete.1.tlog
c:\users\gsvil\documents\proyectos\coolengine\engineproject\enginedll\debug\enginedll.tlog\link.3788.delete.1.tlog
c:\users\gsvil\documents\proyectos\coolengine\engineproject\enginedll\debug\enginedll.tlog\link.4740.delete.1.tlog
c:\users\gsvil\documents\proyectos\coolengine\engineproject\enginedll\debug\enginedll.tlog\link.5148.delete.1.tlog
c:\users\gsvil\documents\proyectos\coolengine\engineproject\enginedll\debug\enginedll.tlog\link.5520.delete.1.tlog
c:\users\gsvil\documents\proyectos\coolengine\engineproject\enginedll\debug\enginedll.tlog\link.5664.delete.1.tlog
c:\users\gsvil\documents\proyectos\coolengine\engineproject\enginedll\debug\enginedll.tlog\link.668.delete.1.tlog
c:\users\gsvil\documents\proyectos\coolengine\engineproject\enginedll\debug\enginedll.tlog\link.7188.delete.1.tlog
c:\users\gsvil\documents\proyectos\coolengine\engineproject\enginedll\debug\enginedll.tlog\link.7676.delete.1.tlog
c:\users\gsvil\documents\proyectos\coolengine\engineproject\enginedll\debug\enginedll.tlog\link.7928.delete.1.tlog
c:\users\gsvil\documents\proyectos\coolengine\engineproject\enginedll\debug\enginedll.tlog\link.7976.delete.1.tlog
c:\users\gsvil\documents\proyectos\coolengine\engineproject\enginedll\debug\enginedll.tlog\link.8044.delete.1.tlog
c:\users\gsvil\documents\proyectos\coolengine\engineproject\enginedll\debug\enginedll.tlog\link.9004.delete.1.tlog
c:\users\gsvil\documents\proyectos\coolengine\engineproject\enginedll\debug\enginedll.tlog\link.9168.delete.1.tlog
c:\users\gsvil\documents\proyectos\coolengine\engineproject\enginedll\debug\enginedll.tlog\link.924.delete.1.tlog
c:\users\gsvil\documents\proyectos\coolengine\engineproject\enginedll\debug\enginedll.tlog\link.9260.delete.1.tlog
c:\users\gsvil\documents\proyectos\coolengine\engineproject\enginedll\debug\enginedll.tlog\link.command.1.tlog
c:\users\gsvil\documents\proyectos\coolengine\engineproject\enginedll\debug\enginedll.tlog\link.delete.1.tlog
c:\users\gsvil\documents\proyectos\coolengine\engineproject\enginedll\debug\enginedll.tlog\link.read.1.tlog
c:\users\gsvil\documents\proyectos\coolengine\engineproject\enginedll\debug\enginedll.tlog\link.write.1.tlog
